Spark Command: /usr/lib/jvm/java-1.8-openjdk/bin/java -cp /usr/spark/conf/:/usr/spark/jars/*:/usr/hadoop/etc/hadoop/:/usr/hadoop/share/hadoop/tools/lib/*:/usr/hadoop/share/hadoop/common/lib/*:/usr/hadoop/share/hadoop/common/*:/usr/hadoop/share/hadoop/hdfs/:/usr/hadoop/share/hadoop/hdfs/lib/*:/usr/hadoop/share/hadoop/hdfs/*:/usr/hadoop/share/hadoop/mapreduce/lib/*:/usr/hadoop/share/hadoop/mapreduce/*:/usr/hadoop/share/hadoop/yarn/:/usr/hadoop/share/hadoop/yarn/lib/*:/usr/hadoop/share/hadoop/yarn/* -Xmx1g org.apache.spark.deploy.history.HistoryServer
========================================
2022-03-01 06:30:28,885 INFO history.HistoryServer: Started daemon with process name: 1683@master
2022-03-01 06:30:28,894 INFO util.SignalUtils: Registered signal handler for TERM
2022-03-01 06:30:28,896 INFO util.SignalUtils: Registered signal handler for HUP
2022-03-01 06:30:28,896 INFO util.SignalUtils: Registered signal handler for INT
2022-03-01 06:30:29,478 WARN util.NativeCodeLoader: Unable to load native-hadoop library for your platform... using builtin-java classes where applicable
2022-03-01 06:30:29,842 INFO spark.SecurityManager: Changing view acls to: root
2022-03-01 06:30:29,843 INFO spark.SecurityManager: Changing modify acls to: root
2022-03-01 06:30:29,844 INFO spark.SecurityManager: Changing view acls groups to: 
2022-03-01 06:30:29,845 INFO spark.SecurityManager: Changing modify acls groups to: 
2022-03-01 06:30:29,847 INFO spark.SecurityManager: SecurityManager: authentication disabled; ui acls disabled; users  with view permissions: Set(root); groups with view permissions: Set(); users  with modify permissions: Set(root); groups with modify permissions: Set()
2022-03-01 06:30:30,131 INFO history.FsHistoryProvider: History server ui acls disabled; users with admin permissions: ; groups with admin permissions
2022-03-01 06:30:31,591 INFO util.log: Logging initialized @3817ms
2022-03-01 06:30:31,691 INFO server.Server: jetty-9.3.z-SNAPSHOT, build timestamp: 2018-06-06T01:11:56+08:00, git hash: 84205aa28f11a4f31f2a3b86d1bba2cc8ab69827
2022-03-01 06:30:31,728 INFO server.Server: Started @3955ms
2022-03-01 06:30:31,811 INFO server.AbstractConnector: Started ServerConnector@27a0a5a2{HTTP/1.1,[http/1.1]}{172.28.1.1:18080}
2022-03-01 06:30:31,814 INFO util.Utils: Successfully started service on port 18080.
2022-03-01 06:30:31,876 INFO handler.ContextHandler: Started o.s.j.s.ServletContextHandler@eadb475{/,null,AVAILABLE,@Spark}
2022-03-01 06:30:31,880 INFO handler.ContextHandler: Started o.s.j.s.ServletContextHandler@bae47a0{/json,null,AVAILABLE,@Spark}
2022-03-01 06:30:31,890 INFO handler.ContextHandler: Started o.s.j.s.ServletContextHandler@74a9c4b0{/api,null,AVAILABLE,@Spark}
2022-03-01 06:30:31,943 INFO handler.ContextHandler: Started o.s.j.s.ServletContextHandler@10567255{/static,null,AVAILABLE,@Spark}
2022-03-01 06:30:31,945 INFO handler.ContextHandler: Started o.s.j.s.ServletContextHandler@51bde877{/history,null,AVAILABLE,@Spark}
2022-03-01 06:30:31,949 INFO history.HistoryServer: Bound HistoryServer to 172.28.1.1, and started at http://localhost:18080
2022-03-01 06:41:42,145 INFO history.FsHistoryProvider: Parsing hdfs://master:9000/log/spark/application_1646087395237_0001.inprogress for listing data...
2022-03-01 06:41:45,259 INFO history.FsHistoryProvider: Finished parsing hdfs://master:9000/log/spark/application_1646087395237_0001.inprogress
2022-03-01 06:41:55,457 INFO history.FsHistoryProvider: Parsing hdfs://master:9000/log/spark/application_1646087395237_0001 for listing data...
2022-03-01 06:41:55,499 INFO history.FsHistoryProvider: Finished parsing hdfs://master:9000/log/spark/application_1646087395237_0001
2022-03-01 06:42:45,544 INFO history.FsHistoryProvider: Parsing hdfs://master:9000/log/spark/application_1646087395237_0002.inprogress for listing data...
2022-03-01 06:42:45,575 INFO history.FsHistoryProvider: Finished parsing hdfs://master:9000/log/spark/application_1646087395237_0002.inprogress
