Mon Feb 28 07:01:59 CST 2022 Starting thrift2 on worker2
core file size          (blocks, -c) unlimited
data seg size           (kbytes, -d) unlimited
scheduling priority             (-e) 0
file size               (blocks, -f) unlimited
pending signals                 (-i) 30820
max locked memory       (kbytes, -l) 64
max memory size         (kbytes, -m) unlimited
open files                      (-n) 1048576
pipe size            (512 bytes, -p) 8
POSIX message queues     (bytes, -q) 819200
real-time priority              (-r) 0
stack size              (kbytes, -s) 8192
cpu time               (seconds, -t) unlimited
max user processes              (-u) unlimited
virtual memory          (kbytes, -v) unlimited
file locks                      (-x) unlimited
2022-02-28 07:02:00,852 INFO  [main] thrift.ImplType: Using default thrift server type
2022-02-28 07:02:00,853 INFO  [main] thrift.ImplType: Using thrift server type threadpool
2022-02-28 07:02:00,977 WARN  [main] util.NativeCodeLoader: Unable to load native-hadoop library for your platform... using builtin-java classes where applicable
2022-02-28 07:02:01,541 INFO  [main] metrics.MetricRegistries: Loaded MetricRegistries class org.apache.hadoop.hbase.metrics.impl.MetricRegistriesImpl
2022-02-28 07:02:01,701 INFO  [main] hbase.ChoreService: Chore ScheduledChore name=ConnectionCleaner, period=10000, unit=MILLISECONDS is enabled.
2022-02-28 07:02:01,911 INFO  [main] thrift.ThriftServer: starting HBase ThreadPool Thrift server on /0.0.0.0:9090
2022-02-28 07:02:01,971 INFO  [main] util.log: Logging initialized @2471ms
2022-02-28 07:02:02,191 INFO  [main] http.HttpServer: Added global filter 'safety' (class=org.apache.hadoop.hbase.http.HttpServer$QuotingInputFilter)
2022-02-28 07:02:02,192 INFO  [main] http.HttpServer: Added global filter 'clickjackingprevention' (class=org.apache.hadoop.hbase.http.ClickjackingPreventionFilter)
2022-02-28 07:02:02,192 INFO  [main] http.HttpServer: Added global filter 'securityheaders' (class=org.apache.hadoop.hbase.http.SecurityHeadersFilter)
2022-02-28 07:02:02,196 INFO  [main] http.HttpServer: Added filter static_user_filter (class=org.apache.hadoop.hbase.http.lib.StaticUserWebFilter$StaticUserFilter) to context thrift
2022-02-28 07:02:02,196 INFO  [main] http.HttpServer: Added filter static_user_filter (class=org.apache.hadoop.hbase.http.lib.StaticUserWebFilter$StaticUserFilter) to context logs
2022-02-28 07:02:02,196 INFO  [main] http.HttpServer: Added filter static_user_filter (class=org.apache.hadoop.hbase.http.lib.StaticUserWebFilter$StaticUserFilter) to context static
2022-02-28 07:02:02,235 INFO  [main] http.HttpServer: ASYNC_PROFILER_HOME environment variable and async.profiler.home system property not specified. Disabling /prof endpoint.
2022-02-28 07:02:02,326 INFO  [main] http.HttpServer: Jetty bound to port 9095
2022-02-28 07:02:02,328 INFO  [main] server.Server: jetty-9.3.28.v20191105, build timestamp: 2019-11-06T02:00:51+08:00, git hash: d7dd68d6e9d8ff06a0130e46886c2db5d70784c1
2022-02-28 07:02:02,411 INFO  [main] http.SecurityHeadersFilter: Added security headers filter
2022-02-28 07:02:02,416 INFO  [main] handler.ContextHandler: Started o.e.j.s.ServletContextHandler@4201c465{/logs,file:///usr/hbase/logs/,AVAILABLE}
2022-02-28 07:02:02,416 INFO  [main] http.SecurityHeadersFilter: Added security headers filter
2022-02-28 07:02:02,417 INFO  [main] handler.ContextHandler: Started o.e.j.s.ServletContextHandler@6cb107fd{/static,file:///usr/hbase/hbase-webapps/static/,AVAILABLE}
2022-02-28 07:02:02,554 INFO  [main] webapp.StandardDescriptorProcessor: NO JSP Support for /, did not find org.eclipse.jetty.jsp.JettyJspServlet
2022-02-28 07:02:02,573 INFO  [main] http.SecurityHeadersFilter: Added security headers filter
2022-02-28 07:02:02,587 INFO  [main] handler.ContextHandler: Started o.e.j.w.WebAppContext@2fba3fc4{/,file:///usr/hbase/hbase-webapps/thrift/,AVAILABLE}{file:/usr/hbase/hbase-webapps/thrift}
2022-02-28 07:02:02,595 INFO  [main] server.AbstractConnector: Started ServerConnector@6a57ae10{HTTP/1.1,[http/1.1]}{0.0.0.0:9095}
2022-02-28 07:02:02,595 INFO  [main] server.Server: Started @3096ms
2022-02-28 07:07:42,958 INFO  [ConnectionCache.Chore.1] hbase.ChoreService: Chore ScheduledChore name=ConnectionCleaner, period=10000, unit=MILLISECONDS is enabled.
2022-02-28 07:07:42,959 INFO  [ConnectionCache.Chore.1] hbase.ScheduledChore: Chore: ConnectionCleaner missed its start time
2022-02-28 07:07:43,083 WARN  [JvmPauseMonitor] util.JvmPauseMonitor: Detected pause in JVM or host machine (eg GC): pause of approximately 25140ms
No GCs detected
2022-02-28 09:06:32,356 INFO  [ConnectionCache.Chore.1] hbase.ChoreService: Chore ScheduledChore name=ConnectionCleaner, period=10000, unit=MILLISECONDS is enabled.
2022-02-28 09:06:32,356 INFO  [ConnectionCache.Chore.1] hbase.ScheduledChore: Chore: ConnectionCleaner missed its start time
2022-02-28 09:17:10,030 INFO  [JvmPauseMonitor] util.JvmPauseMonitor: Detected pause in JVM or host machine (eg GC): pause of approximately 2317ms
No GCs detected
Mon Feb 28 09:56:15 CST 2022 Starting thrift2 on worker2
core file size          (blocks, -c) unlimited
data seg size           (kbytes, -d) unlimited
scheduling priority             (-e) 0
file size               (blocks, -f) unlimited
pending signals                 (-i) 30820
max locked memory       (kbytes, -l) 64
max memory size         (kbytes, -m) unlimited
open files                      (-n) 1048576
pipe size            (512 bytes, -p) 8
POSIX message queues     (bytes, -q) 819200
real-time priority              (-r) 0
stack size              (kbytes, -s) 8192
cpu time               (seconds, -t) unlimited
max user processes              (-u) unlimited
virtual memory          (kbytes, -v) unlimited
file locks                      (-x) unlimited
2022-02-28 09:56:17,030 INFO  [main] thrift.ImplType: Using default thrift server type
2022-02-28 09:56:17,030 INFO  [main] thrift.ImplType: Using thrift server type threadpool
2022-02-28 09:56:17,103 WARN  [main] util.NativeCodeLoader: Unable to load native-hadoop library for your platform... using builtin-java classes where applicable
2022-02-28 09:56:17,646 INFO  [main] metrics.MetricRegistries: Loaded MetricRegistries class org.apache.hadoop.hbase.metrics.impl.MetricRegistriesImpl
2022-02-28 09:56:17,773 INFO  [main] hbase.ChoreService: Chore ScheduledChore name=ConnectionCleaner, period=10000, unit=MILLISECONDS is enabled.
2022-02-28 09:56:17,997 INFO  [main] thrift.ThriftServer: starting HBase ThreadPool Thrift server on /0.0.0.0:9090
2022-02-28 09:56:18,071 INFO  [main] util.log: Logging initialized @2122ms
2022-02-28 09:56:18,269 INFO  [main] http.HttpServer: Added global filter 'safety' (class=org.apache.hadoop.hbase.http.HttpServer$QuotingInputFilter)
2022-02-28 09:56:18,270 INFO  [main] http.HttpServer: Added global filter 'clickjackingprevention' (class=org.apache.hadoop.hbase.http.ClickjackingPreventionFilter)
2022-02-28 09:56:18,271 INFO  [main] http.HttpServer: Added global filter 'securityheaders' (class=org.apache.hadoop.hbase.http.SecurityHeadersFilter)
2022-02-28 09:56:18,277 INFO  [main] http.HttpServer: Added filter static_user_filter (class=org.apache.hadoop.hbase.http.lib.StaticUserWebFilter$StaticUserFilter) to context thrift
2022-02-28 09:56:18,278 INFO  [main] http.HttpServer: Added filter static_user_filter (class=org.apache.hadoop.hbase.http.lib.StaticUserWebFilter$StaticUserFilter) to context logs
2022-02-28 09:56:18,278 INFO  [main] http.HttpServer: Added filter static_user_filter (class=org.apache.hadoop.hbase.http.lib.StaticUserWebFilter$StaticUserFilter) to context static
2022-02-28 09:56:18,312 INFO  [main] http.HttpServer: ASYNC_PROFILER_HOME environment variable and async.profiler.home system property not specified. Disabling /prof endpoint.
2022-02-28 09:56:18,384 INFO  [main] http.HttpServer: Jetty bound to port 9095
2022-02-28 09:56:18,386 INFO  [main] server.Server: jetty-9.3.28.v20191105, build timestamp: 2019-11-06T02:00:51+08:00, git hash: d7dd68d6e9d8ff06a0130e46886c2db5d70784c1
2022-02-28 09:56:18,427 INFO  [main] http.SecurityHeadersFilter: Added security headers filter
2022-02-28 09:56:18,432 INFO  [main] handler.ContextHandler: Started o.e.j.s.ServletContextHandler@4201c465{/logs,file:///usr/hbase/logs/,AVAILABLE}
2022-02-28 09:56:18,433 INFO  [main] http.SecurityHeadersFilter: Added security headers filter
2022-02-28 09:56:18,433 INFO  [main] handler.ContextHandler: Started o.e.j.s.ServletContextHandler@6cb107fd{/static,file:///usr/hbase/hbase-webapps/static/,AVAILABLE}
2022-02-28 09:56:18,551 INFO  [main] webapp.StandardDescriptorProcessor: NO JSP Support for /, did not find org.eclipse.jetty.jsp.JettyJspServlet
2022-02-28 09:56:18,564 INFO  [main] http.SecurityHeadersFilter: Added security headers filter
2022-02-28 09:56:18,581 INFO  [main] handler.ContextHandler: Started o.e.j.w.WebAppContext@2fba3fc4{/,file:///usr/hbase/hbase-webapps/thrift/,AVAILABLE}{file:/usr/hbase/hbase-webapps/thrift}
2022-02-28 09:56:18,592 INFO  [main] server.AbstractConnector: Started ServerConnector@6a57ae10{HTTP/1.1,[http/1.1]}{0.0.0.0:9095}
2022-02-28 09:56:18,593 INFO  [main] server.Server: Started @2644ms
Mon Feb 28 10:58:58 CST 2022 Starting thrift2 on worker2
core file size          (blocks, -c) unlimited
data seg size           (kbytes, -d) unlimited
scheduling priority             (-e) 0
file size               (blocks, -f) unlimited
pending signals                 (-i) 30820
max locked memory       (kbytes, -l) 64
max memory size         (kbytes, -m) unlimited
open files                      (-n) 1048576
pipe size            (512 bytes, -p) 8
POSIX message queues     (bytes, -q) 819200
real-time priority              (-r) 0
stack size              (kbytes, -s) 8192
cpu time               (seconds, -t) unlimited
max user processes              (-u) unlimited
virtual memory          (kbytes, -v) unlimited
file locks                      (-x) unlimited
2022-02-28 10:59:00,783 INFO  [main] thrift.ImplType: Using default thrift server type
2022-02-28 10:59:00,784 INFO  [main] thrift.ImplType: Using thrift server type threadpool
2022-02-28 10:59:00,878 WARN  [main] util.NativeCodeLoader: Unable to load native-hadoop library for your platform... using builtin-java classes where applicable
2022-02-28 10:59:01,427 INFO  [main] metrics.MetricRegistries: Loaded MetricRegistries class org.apache.hadoop.hbase.metrics.impl.MetricRegistriesImpl
2022-02-28 10:59:01,528 INFO  [main] hbase.ChoreService: Chore ScheduledChore name=ConnectionCleaner, period=10000, unit=MILLISECONDS is enabled.
2022-02-28 10:59:01,672 INFO  [main] thrift.ThriftServer: starting HBase ThreadPool Thrift server on /0.0.0.0:9090
2022-02-28 10:59:01,737 INFO  [main] util.log: Logging initialized @2022ms
2022-02-28 10:59:01,891 INFO  [main] http.HttpServer: Added global filter 'safety' (class=org.apache.hadoop.hbase.http.HttpServer$QuotingInputFilter)
2022-02-28 10:59:01,892 INFO  [main] http.HttpServer: Added global filter 'clickjackingprevention' (class=org.apache.hadoop.hbase.http.ClickjackingPreventionFilter)
2022-02-28 10:59:01,894 INFO  [main] http.HttpServer: Added global filter 'securityheaders' (class=org.apache.hadoop.hbase.http.SecurityHeadersFilter)
2022-02-28 10:59:01,898 INFO  [main] http.HttpServer: Added filter static_user_filter (class=org.apache.hadoop.hbase.http.lib.StaticUserWebFilter$StaticUserFilter) to context thrift
2022-02-28 10:59:01,898 INFO  [main] http.HttpServer: Added filter static_user_filter (class=org.apache.hadoop.hbase.http.lib.StaticUserWebFilter$StaticUserFilter) to context logs
2022-02-28 10:59:01,898 INFO  [main] http.HttpServer: Added filter static_user_filter (class=org.apache.hadoop.hbase.http.lib.StaticUserWebFilter$StaticUserFilter) to context static
2022-02-28 10:59:01,930 INFO  [main] http.HttpServer: ASYNC_PROFILER_HOME environment variable and async.profiler.home system property not specified. Disabling /prof endpoint.
2022-02-28 10:59:01,999 INFO  [main] http.HttpServer: Jetty bound to port 9095
2022-02-28 10:59:02,001 INFO  [main] server.Server: jetty-9.3.28.v20191105, build timestamp: 2019-11-06T02:00:51+08:00, git hash: d7dd68d6e9d8ff06a0130e46886c2db5d70784c1
2022-02-28 10:59:02,055 INFO  [main] http.SecurityHeadersFilter: Added security headers filter
2022-02-28 10:59:02,061 INFO  [main] handler.ContextHandler: Started o.e.j.s.ServletContextHandler@4201c465{/logs,file:///usr/hbase/logs/,AVAILABLE}
2022-02-28 10:59:02,061 INFO  [main] http.SecurityHeadersFilter: Added security headers filter
2022-02-28 10:59:02,061 INFO  [main] handler.ContextHandler: Started o.e.j.s.ServletContextHandler@6cb107fd{/static,file:///usr/hbase/hbase-webapps/static/,AVAILABLE}
2022-02-28 10:59:02,184 INFO  [main] webapp.StandardDescriptorProcessor: NO JSP Support for /, did not find org.eclipse.jetty.jsp.JettyJspServlet
2022-02-28 10:59:02,196 INFO  [main] http.SecurityHeadersFilter: Added security headers filter
2022-02-28 10:59:02,211 INFO  [main] handler.ContextHandler: Started o.e.j.w.WebAppContext@2fba3fc4{/,file:///usr/hbase/hbase-webapps/thrift/,AVAILABLE}{file:/usr/hbase/hbase-webapps/thrift}
2022-02-28 10:59:02,222 INFO  [main] server.AbstractConnector: Started ServerConnector@6a57ae10{HTTP/1.1,[http/1.1]}{0.0.0.0:9095}
2022-02-28 10:59:02,222 INFO  [main] server.Server: Started @2508ms
Mon Feb 28 11:33:55 CST 2022 Starting thrift2 on worker2
core file size          (blocks, -c) unlimited
data seg size           (kbytes, -d) unlimited
scheduling priority             (-e) 0
file size               (blocks, -f) unlimited
pending signals                 (-i) 30820
max locked memory       (kbytes, -l) 64
max memory size         (kbytes, -m) unlimited
open files                      (-n) 1048576
pipe size            (512 bytes, -p) 8
POSIX message queues     (bytes, -q) 819200
real-time priority              (-r) 0
stack size              (kbytes, -s) 8192
cpu time               (seconds, -t) unlimited
max user processes              (-u) unlimited
virtual memory          (kbytes, -v) unlimited
file locks                      (-x) unlimited
2022-02-28 11:33:56,628 INFO  [main] thrift.ImplType: Using default thrift server type
2022-02-28 11:33:56,629 INFO  [main] thrift.ImplType: Using thrift server type threadpool
2022-02-28 11:33:56,775 WARN  [main] util.NativeCodeLoader: Unable to load native-hadoop library for your platform... using builtin-java classes where applicable
2022-02-28 11:33:57,414 INFO  [main] metrics.MetricRegistries: Loaded MetricRegistries class org.apache.hadoop.hbase.metrics.impl.MetricRegistriesImpl
2022-02-28 11:33:57,535 INFO  [main] hbase.ChoreService: Chore ScheduledChore name=ConnectionCleaner, period=10000, unit=MILLISECONDS is enabled.
2022-02-28 11:33:57,665 INFO  [main] thrift.ThriftServer: starting HBase ThreadPool Thrift server on /0.0.0.0:9090
2022-02-28 11:33:57,725 INFO  [main] util.log: Logging initialized @2296ms
2022-02-28 11:33:57,881 INFO  [main] http.HttpServer: Added global filter 'safety' (class=org.apache.hadoop.hbase.http.HttpServer$QuotingInputFilter)
2022-02-28 11:33:57,882 INFO  [main] http.HttpServer: Added global filter 'clickjackingprevention' (class=org.apache.hadoop.hbase.http.ClickjackingPreventionFilter)
2022-02-28 11:33:57,883 INFO  [main] http.HttpServer: Added global filter 'securityheaders' (class=org.apache.hadoop.hbase.http.SecurityHeadersFilter)
2022-02-28 11:33:57,889 INFO  [main] http.HttpServer: Added filter static_user_filter (class=org.apache.hadoop.hbase.http.lib.StaticUserWebFilter$StaticUserFilter) to context thrift
2022-02-28 11:33:57,889 INFO  [main] http.HttpServer: Added filter static_user_filter (class=org.apache.hadoop.hbase.http.lib.StaticUserWebFilter$StaticUserFilter) to context logs
2022-02-28 11:33:57,890 INFO  [main] http.HttpServer: Added filter static_user_filter (class=org.apache.hadoop.hbase.http.lib.StaticUserWebFilter$StaticUserFilter) to context static
2022-02-28 11:33:57,978 INFO  [main] http.HttpServer: ASYNC_PROFILER_HOME environment variable and async.profiler.home system property not specified. Disabling /prof endpoint.
2022-02-28 11:33:58,053 INFO  [main] http.HttpServer: Jetty bound to port 9095
2022-02-28 11:33:58,055 INFO  [main] server.Server: jetty-9.3.28.v20191105, build timestamp: 2019-11-06T02:00:51+08:00, git hash: d7dd68d6e9d8ff06a0130e46886c2db5d70784c1
2022-02-28 11:33:58,119 INFO  [main] http.SecurityHeadersFilter: Added security headers filter
2022-02-28 11:33:58,125 INFO  [main] handler.ContextHandler: Started o.e.j.s.ServletContextHandler@4201c465{/logs,file:///usr/hbase/logs/,AVAILABLE}
2022-02-28 11:33:58,126 INFO  [main] http.SecurityHeadersFilter: Added security headers filter
2022-02-28 11:33:58,126 INFO  [main] handler.ContextHandler: Started o.e.j.s.ServletContextHandler@6cb107fd{/static,file:///usr/hbase/hbase-webapps/static/,AVAILABLE}
2022-02-28 11:33:58,342 INFO  [main] webapp.StandardDescriptorProcessor: NO JSP Support for /, did not find org.eclipse.jetty.jsp.JettyJspServlet
2022-02-28 11:33:58,355 INFO  [main] http.SecurityHeadersFilter: Added security headers filter
2022-02-28 11:33:58,372 INFO  [main] handler.ContextHandler: Started o.e.j.w.WebAppContext@2fba3fc4{/,file:///usr/hbase/hbase-webapps/thrift/,AVAILABLE}{file:/usr/hbase/hbase-webapps/thrift}
2022-02-28 11:33:58,383 INFO  [main] server.AbstractConnector: Started ServerConnector@6a57ae10{HTTP/1.1,[http/1.1]}{0.0.0.0:9095}
2022-02-28 11:33:58,384 INFO  [main] server.Server: Started @2954ms
Mon Feb 28 11:39:59 CST 2022 Starting thrift2 on worker2
core file size          (blocks, -c) unlimited
data seg size           (kbytes, -d) unlimited
scheduling priority             (-e) 0
file size               (blocks, -f) unlimited
pending signals                 (-i) 30820
max locked memory       (kbytes, -l) 64
max memory size         (kbytes, -m) unlimited
open files                      (-n) 1048576
pipe size            (512 bytes, -p) 8
POSIX message queues     (bytes, -q) 819200
real-time priority              (-r) 0
stack size              (kbytes, -s) 8192
cpu time               (seconds, -t) unlimited
max user processes              (-u) unlimited
virtual memory          (kbytes, -v) unlimited
file locks                      (-x) unlimited
2022-02-28 11:40:01,170 INFO  [main] thrift.ImplType: Using default thrift server type
2022-02-28 11:40:01,171 INFO  [main] thrift.ImplType: Using thrift server type threadpool
2022-02-28 11:40:01,290 WARN  [main] util.NativeCodeLoader: Unable to load native-hadoop library for your platform... using builtin-java classes where applicable
2022-02-28 11:40:02,019 INFO  [main] metrics.MetricRegistries: Loaded MetricRegistries class org.apache.hadoop.hbase.metrics.impl.MetricRegistriesImpl
2022-02-28 11:40:02,113 INFO  [main] hbase.ChoreService: Chore ScheduledChore name=ConnectionCleaner, period=10000, unit=MILLISECONDS is enabled.
2022-02-28 11:40:02,255 INFO  [main] thrift.ThriftServer: starting HBase ThreadPool Thrift server on /0.0.0.0:9090
2022-02-28 11:40:02,304 INFO  [main] util.log: Logging initialized @2198ms
2022-02-28 11:40:02,427 INFO  [main] http.HttpServer: Added global filter 'safety' (class=org.apache.hadoop.hbase.http.HttpServer$QuotingInputFilter)
2022-02-28 11:40:02,429 INFO  [main] http.HttpServer: Added global filter 'clickjackingprevention' (class=org.apache.hadoop.hbase.http.ClickjackingPreventionFilter)
2022-02-28 11:40:02,429 INFO  [main] http.HttpServer: Added global filter 'securityheaders' (class=org.apache.hadoop.hbase.http.SecurityHeadersFilter)
2022-02-28 11:40:02,433 INFO  [main] http.HttpServer: Added filter static_user_filter (class=org.apache.hadoop.hbase.http.lib.StaticUserWebFilter$StaticUserFilter) to context thrift
2022-02-28 11:40:02,433 INFO  [main] http.HttpServer: Added filter static_user_filter (class=org.apache.hadoop.hbase.http.lib.StaticUserWebFilter$StaticUserFilter) to context logs
2022-02-28 11:40:02,433 INFO  [main] http.HttpServer: Added filter static_user_filter (class=org.apache.hadoop.hbase.http.lib.StaticUserWebFilter$StaticUserFilter) to context static
2022-02-28 11:40:02,460 INFO  [main] http.HttpServer: ASYNC_PROFILER_HOME environment variable and async.profiler.home system property not specified. Disabling /prof endpoint.
2022-02-28 11:40:02,519 INFO  [main] http.HttpServer: Jetty bound to port 9095
2022-02-28 11:40:02,521 INFO  [main] server.Server: jetty-9.3.28.v20191105, build timestamp: 2019-11-06T02:00:51+08:00, git hash: d7dd68d6e9d8ff06a0130e46886c2db5d70784c1
2022-02-28 11:40:02,558 INFO  [main] http.SecurityHeadersFilter: Added security headers filter
2022-02-28 11:40:02,563 INFO  [main] handler.ContextHandler: Started o.e.j.s.ServletContextHandler@4201c465{/logs,file:///usr/hbase/logs/,AVAILABLE}
2022-02-28 11:40:02,564 INFO  [main] http.SecurityHeadersFilter: Added security headers filter
2022-02-28 11:40:02,564 INFO  [main] handler.ContextHandler: Started o.e.j.s.ServletContextHandler@6cb107fd{/static,file:///usr/hbase/hbase-webapps/static/,AVAILABLE}
2022-02-28 11:40:02,685 INFO  [main] webapp.StandardDescriptorProcessor: NO JSP Support for /, did not find org.eclipse.jetty.jsp.JettyJspServlet
2022-02-28 11:40:02,693 INFO  [main] http.SecurityHeadersFilter: Added security headers filter
2022-02-28 11:40:02,702 INFO  [main] handler.ContextHandler: Started o.e.j.w.WebAppContext@2fba3fc4{/,file:///usr/hbase/hbase-webapps/thrift/,AVAILABLE}{file:/usr/hbase/hbase-webapps/thrift}
2022-02-28 11:40:02,710 INFO  [main] server.AbstractConnector: Started ServerConnector@6a57ae10{HTTP/1.1,[http/1.1]}{0.0.0.0:9095}
2022-02-28 11:40:02,711 INFO  [main] server.Server: Started @2605ms
2022-02-28 11:43:38,473 INFO  [ConnectionCache.Chore.1] hbase.ChoreService: Chore ScheduledChore name=ConnectionCleaner, period=10000, unit=MILLISECONDS is enabled.
2022-02-28 11:43:38,474 INFO  [ConnectionCache.Chore.1] hbase.ScheduledChore: Chore: ConnectionCleaner missed its start time
2022-02-28 11:43:38,535 WARN  [JvmPauseMonitor] util.JvmPauseMonitor: Detected pause in JVM or host machine (eg GC): pause of approximately 11634ms
No GCs detected
2022-02-28 12:40:34,841 INFO  [ConnectionCache.Chore.1] hbase.ChoreService: Chore ScheduledChore name=ConnectionCleaner, period=10000, unit=MILLISECONDS is enabled.
2022-02-28 12:40:34,841 INFO  [ConnectionCache.Chore.1] hbase.ScheduledChore: Chore: ConnectionCleaner missed its start time
2022-02-28 13:13:07,532 INFO  [JvmPauseMonitor] util.JvmPauseMonitor: Detected pause in JVM or host machine (eg GC): pause of approximately 1015ms
No GCs detected
Mon Feb 28 14:18:16 CST 2022 Starting thrift2 on worker2
core file size          (blocks, -c) unlimited
data seg size           (kbytes, -d) unlimited
scheduling priority             (-e) 0
file size               (blocks, -f) unlimited
pending signals                 (-i) 30820
max locked memory       (kbytes, -l) 64
max memory size         (kbytes, -m) unlimited
open files                      (-n) 1048576
pipe size            (512 bytes, -p) 8
POSIX message queues     (bytes, -q) 819200
real-time priority              (-r) 0
stack size              (kbytes, -s) 8192
cpu time               (seconds, -t) unlimited
max user processes              (-u) unlimited
virtual memory          (kbytes, -v) unlimited
file locks                      (-x) unlimited
2022-02-28 14:18:18,083 INFO  [main] thrift.ImplType: Using default thrift server type
2022-02-28 14:18:18,084 INFO  [main] thrift.ImplType: Using thrift server type threadpool
2022-02-28 14:18:18,194 WARN  [main] util.NativeCodeLoader: Unable to load native-hadoop library for your platform... using builtin-java classes where applicable
2022-02-28 14:18:19,029 INFO  [main] metrics.MetricRegistries: Loaded MetricRegistries class org.apache.hadoop.hbase.metrics.impl.MetricRegistriesImpl
2022-02-28 14:18:19,130 INFO  [main] hbase.ChoreService: Chore ScheduledChore name=ConnectionCleaner, period=10000, unit=MILLISECONDS is enabled.
2022-02-28 14:18:19,267 INFO  [main] thrift.ThriftServer: starting HBase ThreadPool Thrift server on /0.0.0.0:9090
2022-02-28 14:18:19,314 INFO  [main] util.log: Logging initialized @2511ms
2022-02-28 14:18:19,451 INFO  [main] http.HttpServer: Added global filter 'safety' (class=org.apache.hadoop.hbase.http.HttpServer$QuotingInputFilter)
2022-02-28 14:18:19,452 INFO  [main] http.HttpServer: Added global filter 'clickjackingprevention' (class=org.apache.hadoop.hbase.http.ClickjackingPreventionFilter)
2022-02-28 14:18:19,453 INFO  [main] http.HttpServer: Added global filter 'securityheaders' (class=org.apache.hadoop.hbase.http.SecurityHeadersFilter)
2022-02-28 14:18:19,457 INFO  [main] http.HttpServer: Added filter static_user_filter (class=org.apache.hadoop.hbase.http.lib.StaticUserWebFilter$StaticUserFilter) to context thrift
2022-02-28 14:18:19,457 INFO  [main] http.HttpServer: Added filter static_user_filter (class=org.apache.hadoop.hbase.http.lib.StaticUserWebFilter$StaticUserFilter) to context logs
2022-02-28 14:18:19,458 INFO  [main] http.HttpServer: Added filter static_user_filter (class=org.apache.hadoop.hbase.http.lib.StaticUserWebFilter$StaticUserFilter) to context static
2022-02-28 14:18:19,485 INFO  [main] http.HttpServer: ASYNC_PROFILER_HOME environment variable and async.profiler.home system property not specified. Disabling /prof endpoint.
2022-02-28 14:18:19,537 INFO  [main] http.HttpServer: Jetty bound to port 9095
2022-02-28 14:18:19,539 INFO  [main] server.Server: jetty-9.3.28.v20191105, build timestamp: 2019-11-06T02:00:51+08:00, git hash: d7dd68d6e9d8ff06a0130e46886c2db5d70784c1
2022-02-28 14:18:19,586 INFO  [main] http.SecurityHeadersFilter: Added security headers filter
2022-02-28 14:18:19,592 INFO  [main] handler.ContextHandler: Started o.e.j.s.ServletContextHandler@4201c465{/logs,file:///usr/hbase/logs/,AVAILABLE}
2022-02-28 14:18:19,593 INFO  [main] http.SecurityHeadersFilter: Added security headers filter
2022-02-28 14:18:19,593 INFO  [main] handler.ContextHandler: Started o.e.j.s.ServletContextHandler@6cb107fd{/static,file:///usr/hbase/hbase-webapps/static/,AVAILABLE}
2022-02-28 14:18:19,719 INFO  [main] webapp.StandardDescriptorProcessor: NO JSP Support for /, did not find org.eclipse.jetty.jsp.JettyJspServlet
2022-02-28 14:18:19,731 INFO  [main] http.SecurityHeadersFilter: Added security headers filter
2022-02-28 14:18:19,746 INFO  [main] handler.ContextHandler: Started o.e.j.w.WebAppContext@2fba3fc4{/,file:///usr/hbase/hbase-webapps/thrift/,AVAILABLE}{file:/usr/hbase/hbase-webapps/thrift}
2022-02-28 14:18:19,755 INFO  [main] server.AbstractConnector: Started ServerConnector@6a57ae10{HTTP/1.1,[http/1.1]}{0.0.0.0:9095}
2022-02-28 14:18:19,755 INFO  [main] server.Server: Started @2953ms
Mon Feb 28 14:30:10 CST 2022 Starting thrift2 on worker2
core file size          (blocks, -c) unlimited
data seg size           (kbytes, -d) unlimited
scheduling priority             (-e) 0
file size               (blocks, -f) unlimited
pending signals                 (-i) 30820
max locked memory       (kbytes, -l) 64
max memory size         (kbytes, -m) unlimited
open files                      (-n) 1048576
pipe size            (512 bytes, -p) 8
POSIX message queues     (bytes, -q) 819200
real-time priority              (-r) 0
stack size              (kbytes, -s) 8192
cpu time               (seconds, -t) unlimited
max user processes              (-u) unlimited
virtual memory          (kbytes, -v) unlimited
file locks                      (-x) unlimited
2022-02-28 14:30:12,074 INFO  [main] thrift.ImplType: Using default thrift server type
2022-02-28 14:30:12,075 INFO  [main] thrift.ImplType: Using thrift server type threadpool
2022-02-28 14:30:12,157 WARN  [main] util.NativeCodeLoader: Unable to load native-hadoop library for your platform... using builtin-java classes where applicable
2022-02-28 14:30:12,875 INFO  [main] metrics.MetricRegistries: Loaded MetricRegistries class org.apache.hadoop.hbase.metrics.impl.MetricRegistriesImpl
2022-02-28 14:30:12,951 INFO  [main] hbase.ChoreService: Chore ScheduledChore name=ConnectionCleaner, period=10000, unit=MILLISECONDS is enabled.
2022-02-28 14:30:13,084 INFO  [main] thrift.ThriftServer: starting HBase ThreadPool Thrift server on /0.0.0.0:9090
2022-02-28 14:30:13,138 INFO  [main] util.log: Logging initialized @2027ms
2022-02-28 14:30:13,322 INFO  [main] http.HttpServer: Added global filter 'safety' (class=org.apache.hadoop.hbase.http.HttpServer$QuotingInputFilter)
2022-02-28 14:30:13,324 INFO  [main] http.HttpServer: Added global filter 'clickjackingprevention' (class=org.apache.hadoop.hbase.http.ClickjackingPreventionFilter)
2022-02-28 14:30:13,325 INFO  [main] http.HttpServer: Added global filter 'securityheaders' (class=org.apache.hadoop.hbase.http.SecurityHeadersFilter)
2022-02-28 14:30:13,331 INFO  [main] http.HttpServer: Added filter static_user_filter (class=org.apache.hadoop.hbase.http.lib.StaticUserWebFilter$StaticUserFilter) to context thrift
2022-02-28 14:30:13,331 INFO  [main] http.HttpServer: Added filter static_user_filter (class=org.apache.hadoop.hbase.http.lib.StaticUserWebFilter$StaticUserFilter) to context logs
2022-02-28 14:30:13,331 INFO  [main] http.HttpServer: Added filter static_user_filter (class=org.apache.hadoop.hbase.http.lib.StaticUserWebFilter$StaticUserFilter) to context static
2022-02-28 14:30:13,403 INFO  [main] http.HttpServer: ASYNC_PROFILER_HOME environment variable and async.profiler.home system property not specified. Disabling /prof endpoint.
2022-02-28 14:30:13,492 INFO  [main] http.HttpServer: Jetty bound to port 9095
2022-02-28 14:30:13,494 INFO  [main] server.Server: jetty-9.3.28.v20191105, build timestamp: 2019-11-06T02:00:51+08:00, git hash: d7dd68d6e9d8ff06a0130e46886c2db5d70784c1
2022-02-28 14:30:13,554 INFO  [main] http.SecurityHeadersFilter: Added security headers filter
2022-02-28 14:30:13,560 INFO  [main] handler.ContextHandler: Started o.e.j.s.ServletContextHandler@4201c465{/logs,file:///usr/hbase/logs/,AVAILABLE}
2022-02-28 14:30:13,561 INFO  [main] http.SecurityHeadersFilter: Added security headers filter
2022-02-28 14:30:13,561 INFO  [main] handler.ContextHandler: Started o.e.j.s.ServletContextHandler@6cb107fd{/static,file:///usr/hbase/hbase-webapps/static/,AVAILABLE}
2022-02-28 14:30:13,720 INFO  [main] webapp.StandardDescriptorProcessor: NO JSP Support for /, did not find org.eclipse.jetty.jsp.JettyJspServlet
2022-02-28 14:30:13,733 INFO  [main] http.SecurityHeadersFilter: Added security headers filter
2022-02-28 14:30:13,752 INFO  [main] handler.ContextHandler: Started o.e.j.w.WebAppContext@2fba3fc4{/,file:///usr/hbase/hbase-webapps/thrift/,AVAILABLE}{file:/usr/hbase/hbase-webapps/thrift}
2022-02-28 14:30:13,762 INFO  [main] server.AbstractConnector: Started ServerConnector@6a57ae10{HTTP/1.1,[http/1.1]}{0.0.0.0:9095}
2022-02-28 14:30:13,763 INFO  [main] server.Server: Started @2652ms
Mon Feb 28 14:35:35 CST 2022 Starting thrift2 on worker2
core file size          (blocks, -c) unlimited
data seg size           (kbytes, -d) unlimited
scheduling priority             (-e) 0
file size               (blocks, -f) unlimited
pending signals                 (-i) 30820
max locked memory       (kbytes, -l) 64
max memory size         (kbytes, -m) unlimited
open files                      (-n) 1048576
pipe size            (512 bytes, -p) 8
POSIX message queues     (bytes, -q) 819200
real-time priority              (-r) 0
stack size              (kbytes, -s) 8192
cpu time               (seconds, -t) unlimited
max user processes              (-u) unlimited
virtual memory          (kbytes, -v) unlimited
file locks                      (-x) unlimited
2022-02-28 14:35:37,389 INFO  [main] thrift.ImplType: Using default thrift server type
2022-02-28 14:35:37,391 INFO  [main] thrift.ImplType: Using thrift server type threadpool
2022-02-28 14:35:37,487 WARN  [main] util.NativeCodeLoader: Unable to load native-hadoop library for your platform... using builtin-java classes where applicable
2022-02-28 14:35:38,264 INFO  [main] metrics.MetricRegistries: Loaded MetricRegistries class org.apache.hadoop.hbase.metrics.impl.MetricRegistriesImpl
2022-02-28 14:35:38,424 INFO  [main] hbase.ChoreService: Chore ScheduledChore name=ConnectionCleaner, period=10000, unit=MILLISECONDS is enabled.
2022-02-28 14:35:38,675 INFO  [main] thrift.ThriftServer: starting HBase ThreadPool Thrift server on /0.0.0.0:9090
2022-02-28 14:35:38,749 INFO  [main] util.log: Logging initialized @3075ms
2022-02-28 14:35:39,007 INFO  [main] http.HttpServer: Added global filter 'safety' (class=org.apache.hadoop.hbase.http.HttpServer$QuotingInputFilter)
2022-02-28 14:35:39,008 INFO  [main] http.HttpServer: Added global filter 'clickjackingprevention' (class=org.apache.hadoop.hbase.http.ClickjackingPreventionFilter)
2022-02-28 14:35:39,010 INFO  [main] http.HttpServer: Added global filter 'securityheaders' (class=org.apache.hadoop.hbase.http.SecurityHeadersFilter)
2022-02-28 14:35:39,023 INFO  [main] http.HttpServer: Added filter static_user_filter (class=org.apache.hadoop.hbase.http.lib.StaticUserWebFilter$StaticUserFilter) to context thrift
2022-02-28 14:35:39,025 INFO  [main] http.HttpServer: Added filter static_user_filter (class=org.apache.hadoop.hbase.http.lib.StaticUserWebFilter$StaticUserFilter) to context logs
2022-02-28 14:35:39,025 INFO  [main] http.HttpServer: Added filter static_user_filter (class=org.apache.hadoop.hbase.http.lib.StaticUserWebFilter$StaticUserFilter) to context static
2022-02-28 14:35:39,102 INFO  [main] http.HttpServer: ASYNC_PROFILER_HOME environment variable and async.profiler.home system property not specified. Disabling /prof endpoint.
2022-02-28 14:35:39,229 INFO  [main] http.HttpServer: Jetty bound to port 9095
2022-02-28 14:35:39,231 INFO  [main] server.Server: jetty-9.3.28.v20191105, build timestamp: 2019-11-06T02:00:51+08:00, git hash: d7dd68d6e9d8ff06a0130e46886c2db5d70784c1
2022-02-28 14:35:39,330 INFO  [main] http.SecurityHeadersFilter: Added security headers filter
2022-02-28 14:35:39,355 INFO  [main] handler.ContextHandler: Started o.e.j.s.ServletContextHandler@4201c465{/logs,file:///usr/hbase/logs/,AVAILABLE}
2022-02-28 14:35:39,356 INFO  [main] http.SecurityHeadersFilter: Added security headers filter
2022-02-28 14:35:39,356 INFO  [main] handler.ContextHandler: Started o.e.j.s.ServletContextHandler@6cb107fd{/static,file:///usr/hbase/hbase-webapps/static/,AVAILABLE}
2022-02-28 14:35:39,584 INFO  [main] webapp.StandardDescriptorProcessor: NO JSP Support for /, did not find org.eclipse.jetty.jsp.JettyJspServlet
2022-02-28 14:35:39,602 INFO  [main] http.SecurityHeadersFilter: Added security headers filter
2022-02-28 14:35:39,625 INFO  [main] handler.ContextHandler: Started o.e.j.w.WebAppContext@2fba3fc4{/,file:///usr/hbase/hbase-webapps/thrift/,AVAILABLE}{file:/usr/hbase/hbase-webapps/thrift}
2022-02-28 14:35:39,642 INFO  [main] server.AbstractConnector: Started ServerConnector@6a57ae10{HTTP/1.1,[http/1.1]}{0.0.0.0:9095}
2022-02-28 14:35:39,642 INFO  [main] server.Server: Started @3968ms
Mon Feb 28 14:48:03 CST 2022 Starting thrift2 on worker2
core file size          (blocks, -c) unlimited
data seg size           (kbytes, -d) unlimited
scheduling priority             (-e) 0
file size               (blocks, -f) unlimited
pending signals                 (-i) 30820
max locked memory       (kbytes, -l) 64
max memory size         (kbytes, -m) unlimited
open files                      (-n) 1048576
pipe size            (512 bytes, -p) 8
POSIX message queues     (bytes, -q) 819200
real-time priority              (-r) 0
stack size              (kbytes, -s) 8192
cpu time               (seconds, -t) unlimited
max user processes              (-u) unlimited
virtual memory          (kbytes, -v) unlimited
file locks                      (-x) unlimited
2022-02-28 14:48:04,673 INFO  [main] thrift.ImplType: Using default thrift server type
2022-02-28 14:48:04,674 INFO  [main] thrift.ImplType: Using thrift server type threadpool
2022-02-28 14:48:04,753 WARN  [main] util.NativeCodeLoader: Unable to load native-hadoop library for your platform... using builtin-java classes where applicable
2022-02-28 14:48:05,500 INFO  [main] metrics.MetricRegistries: Loaded MetricRegistries class org.apache.hadoop.hbase.metrics.impl.MetricRegistriesImpl
2022-02-28 14:48:05,605 INFO  [main] hbase.ChoreService: Chore ScheduledChore name=ConnectionCleaner, period=10000, unit=MILLISECONDS is enabled.
2022-02-28 14:48:05,727 INFO  [main] thrift.ThriftServer: starting HBase ThreadPool Thrift server on /0.0.0.0:9090
2022-02-28 14:48:05,772 INFO  [main] util.log: Logging initialized @2086ms
2022-02-28 14:48:05,911 INFO  [main] http.HttpServer: Added global filter 'safety' (class=org.apache.hadoop.hbase.http.HttpServer$QuotingInputFilter)
2022-02-28 14:48:05,913 INFO  [main] http.HttpServer: Added global filter 'clickjackingprevention' (class=org.apache.hadoop.hbase.http.ClickjackingPreventionFilter)
2022-02-28 14:48:05,915 INFO  [main] http.HttpServer: Added global filter 'securityheaders' (class=org.apache.hadoop.hbase.http.SecurityHeadersFilter)
2022-02-28 14:48:05,924 INFO  [main] http.HttpServer: Added filter static_user_filter (class=org.apache.hadoop.hbase.http.lib.StaticUserWebFilter$StaticUserFilter) to context thrift
2022-02-28 14:48:05,924 INFO  [main] http.HttpServer: Added filter static_user_filter (class=org.apache.hadoop.hbase.http.lib.StaticUserWebFilter$StaticUserFilter) to context logs
2022-02-28 14:48:05,924 INFO  [main] http.HttpServer: Added filter static_user_filter (class=org.apache.hadoop.hbase.http.lib.StaticUserWebFilter$StaticUserFilter) to context static
2022-02-28 14:48:05,967 INFO  [main] http.HttpServer: ASYNC_PROFILER_HOME environment variable and async.profiler.home system property not specified. Disabling /prof endpoint.
2022-02-28 14:48:06,030 INFO  [main] http.HttpServer: Jetty bound to port 9095
2022-02-28 14:48:06,032 INFO  [main] server.Server: jetty-9.3.28.v20191105, build timestamp: 2019-11-06T02:00:51+08:00, git hash: d7dd68d6e9d8ff06a0130e46886c2db5d70784c1
2022-02-28 14:48:06,081 INFO  [main] http.SecurityHeadersFilter: Added security headers filter
2022-02-28 14:48:06,087 INFO  [main] handler.ContextHandler: Started o.e.j.s.ServletContextHandler@4201c465{/logs,file:///usr/hbase/logs/,AVAILABLE}
2022-02-28 14:48:06,087 INFO  [main] http.SecurityHeadersFilter: Added security headers filter
2022-02-28 14:48:06,088 INFO  [main] handler.ContextHandler: Started o.e.j.s.ServletContextHandler@6cb107fd{/static,file:///usr/hbase/hbase-webapps/static/,AVAILABLE}
2022-02-28 14:48:06,230 INFO  [main] webapp.StandardDescriptorProcessor: NO JSP Support for /, did not find org.eclipse.jetty.jsp.JettyJspServlet
2022-02-28 14:48:06,242 INFO  [main] http.SecurityHeadersFilter: Added security headers filter
2022-02-28 14:48:06,257 INFO  [main] handler.ContextHandler: Started o.e.j.w.WebAppContext@2fba3fc4{/,file:///usr/hbase/hbase-webapps/thrift/,AVAILABLE}{file:/usr/hbase/hbase-webapps/thrift}
2022-02-28 14:48:06,267 INFO  [main] server.AbstractConnector: Started ServerConnector@6a57ae10{HTTP/1.1,[http/1.1]}{0.0.0.0:9095}
2022-02-28 14:48:06,267 INFO  [main] server.Server: Started @2582ms
Mon Feb 28 15:00:01 CST 2022 Starting thrift2 on worker2
core file size          (blocks, -c) unlimited
data seg size           (kbytes, -d) unlimited
scheduling priority             (-e) 0
file size               (blocks, -f) unlimited
pending signals                 (-i) 30820
max locked memory       (kbytes, -l) 64
max memory size         (kbytes, -m) unlimited
open files                      (-n) 1048576
pipe size            (512 bytes, -p) 8
POSIX message queues     (bytes, -q) 819200
real-time priority              (-r) 0
stack size              (kbytes, -s) 8192
cpu time               (seconds, -t) unlimited
max user processes              (-u) unlimited
virtual memory          (kbytes, -v) unlimited
file locks                      (-x) unlimited
2022-02-28 15:00:03,372 INFO  [main] thrift.ImplType: Using default thrift server type
2022-02-28 15:00:03,373 INFO  [main] thrift.ImplType: Using thrift server type threadpool
2022-02-28 15:00:03,487 WARN  [main] util.NativeCodeLoader: Unable to load native-hadoop library for your platform... using builtin-java classes where applicable
2022-02-28 15:00:04,257 INFO  [main] metrics.MetricRegistries: Loaded MetricRegistries class org.apache.hadoop.hbase.metrics.impl.MetricRegistriesImpl
2022-02-28 15:00:04,366 INFO  [main] hbase.ChoreService: Chore ScheduledChore name=ConnectionCleaner, period=10000, unit=MILLISECONDS is enabled.
2022-02-28 15:00:04,507 INFO  [main] thrift.ThriftServer: starting HBase ThreadPool Thrift server on /0.0.0.0:9090
2022-02-28 15:00:04,551 INFO  [main] util.log: Logging initialized @2617ms
2022-02-28 15:00:04,703 INFO  [main] http.HttpServer: Added global filter 'safety' (class=org.apache.hadoop.hbase.http.HttpServer$QuotingInputFilter)
2022-02-28 15:00:04,703 INFO  [main] http.HttpServer: Added global filter 'clickjackingprevention' (class=org.apache.hadoop.hbase.http.ClickjackingPreventionFilter)
2022-02-28 15:00:04,705 INFO  [main] http.HttpServer: Added global filter 'securityheaders' (class=org.apache.hadoop.hbase.http.SecurityHeadersFilter)
2022-02-28 15:00:04,709 INFO  [main] http.HttpServer: Added filter static_user_filter (class=org.apache.hadoop.hbase.http.lib.StaticUserWebFilter$StaticUserFilter) to context thrift
2022-02-28 15:00:04,709 INFO  [main] http.HttpServer: Added filter static_user_filter (class=org.apache.hadoop.hbase.http.lib.StaticUserWebFilter$StaticUserFilter) to context logs
2022-02-28 15:00:04,709 INFO  [main] http.HttpServer: Added filter static_user_filter (class=org.apache.hadoop.hbase.http.lib.StaticUserWebFilter$StaticUserFilter) to context static
2022-02-28 15:00:04,743 INFO  [main] http.HttpServer: ASYNC_PROFILER_HOME environment variable and async.profiler.home system property not specified. Disabling /prof endpoint.
2022-02-28 15:00:04,807 INFO  [main] http.HttpServer: Jetty bound to port 9095
2022-02-28 15:00:04,809 INFO  [main] server.Server: jetty-9.3.28.v20191105, build timestamp: 2019-11-06T02:00:51+08:00, git hash: d7dd68d6e9d8ff06a0130e46886c2db5d70784c1
2022-02-28 15:00:04,850 INFO  [main] http.SecurityHeadersFilter: Added security headers filter
2022-02-28 15:00:04,854 INFO  [main] handler.ContextHandler: Started o.e.j.s.ServletContextHandler@4201c465{/logs,file:///usr/hbase/logs/,AVAILABLE}
2022-02-28 15:00:04,855 INFO  [main] http.SecurityHeadersFilter: Added security headers filter
2022-02-28 15:00:04,855 INFO  [main] handler.ContextHandler: Started o.e.j.s.ServletContextHandler@6cb107fd{/static,file:///usr/hbase/hbase-webapps/static/,AVAILABLE}
2022-02-28 15:00:05,002 INFO  [main] webapp.StandardDescriptorProcessor: NO JSP Support for /, did not find org.eclipse.jetty.jsp.JettyJspServlet
2022-02-28 15:00:05,017 INFO  [main] http.SecurityHeadersFilter: Added security headers filter
2022-02-28 15:00:05,035 INFO  [main] handler.ContextHandler: Started o.e.j.w.WebAppContext@2fba3fc4{/,file:///usr/hbase/hbase-webapps/thrift/,AVAILABLE}{file:/usr/hbase/hbase-webapps/thrift}
2022-02-28 15:00:05,046 INFO  [main] server.AbstractConnector: Started ServerConnector@6a57ae10{HTTP/1.1,[http/1.1]}{0.0.0.0:9095}
2022-02-28 15:00:05,046 INFO  [main] server.Server: Started @3113ms
Mon Feb 28 15:12:59 CST 2022 Starting thrift2 on worker2
core file size          (blocks, -c) unlimited
data seg size           (kbytes, -d) unlimited
scheduling priority             (-e) 0
file size               (blocks, -f) unlimited
pending signals                 (-i) 30820
max locked memory       (kbytes, -l) 64
max memory size         (kbytes, -m) unlimited
open files                      (-n) 1048576
pipe size            (512 bytes, -p) 8
POSIX message queues     (bytes, -q) 819200
real-time priority              (-r) 0
stack size              (kbytes, -s) 8192
cpu time               (seconds, -t) unlimited
max user processes              (-u) unlimited
virtual memory          (kbytes, -v) unlimited
file locks                      (-x) unlimited
2022-02-28 15:13:01,489 INFO  [main] thrift.ImplType: Using default thrift server type
2022-02-28 15:13:01,490 INFO  [main] thrift.ImplType: Using thrift server type threadpool
2022-02-28 15:13:01,574 WARN  [main] util.NativeCodeLoader: Unable to load native-hadoop library for your platform... using builtin-java classes where applicable
2022-02-28 15:13:02,109 INFO  [main] metrics.MetricRegistries: Loaded MetricRegistries class org.apache.hadoop.hbase.metrics.impl.MetricRegistriesImpl
2022-02-28 15:13:02,197 INFO  [main] hbase.ChoreService: Chore ScheduledChore name=ConnectionCleaner, period=10000, unit=MILLISECONDS is enabled.
2022-02-28 15:13:02,306 INFO  [main] thrift.ThriftServer: starting HBase ThreadPool Thrift server on /0.0.0.0:9090
2022-02-28 15:13:02,358 INFO  [main] util.log: Logging initialized @2085ms
2022-02-28 15:13:02,527 INFO  [main] http.HttpServer: Added global filter 'safety' (class=org.apache.hadoop.hbase.http.HttpServer$QuotingInputFilter)
2022-02-28 15:13:02,529 INFO  [main] http.HttpServer: Added global filter 'clickjackingprevention' (class=org.apache.hadoop.hbase.http.ClickjackingPreventionFilter)
2022-02-28 15:13:02,530 INFO  [main] http.HttpServer: Added global filter 'securityheaders' (class=org.apache.hadoop.hbase.http.SecurityHeadersFilter)
2022-02-28 15:13:02,536 INFO  [main] http.HttpServer: Added filter static_user_filter (class=org.apache.hadoop.hbase.http.lib.StaticUserWebFilter$StaticUserFilter) to context thrift
2022-02-28 15:13:02,537 INFO  [main] http.HttpServer: Added filter static_user_filter (class=org.apache.hadoop.hbase.http.lib.StaticUserWebFilter$StaticUserFilter) to context logs
2022-02-28 15:13:02,537 INFO  [main] http.HttpServer: Added filter static_user_filter (class=org.apache.hadoop.hbase.http.lib.StaticUserWebFilter$StaticUserFilter) to context static
2022-02-28 15:13:02,567 INFO  [main] http.HttpServer: ASYNC_PROFILER_HOME environment variable and async.profiler.home system property not specified. Disabling /prof endpoint.
2022-02-28 15:13:02,646 INFO  [main] http.HttpServer: Jetty bound to port 9095
2022-02-28 15:13:02,648 INFO  [main] server.Server: jetty-9.3.28.v20191105, build timestamp: 2019-11-06T02:00:51+08:00, git hash: d7dd68d6e9d8ff06a0130e46886c2db5d70784c1
2022-02-28 15:13:02,710 INFO  [main] http.SecurityHeadersFilter: Added security headers filter
2022-02-28 15:13:02,715 INFO  [main] handler.ContextHandler: Started o.e.j.s.ServletContextHandler@4201c465{/logs,file:///usr/hbase/logs/,AVAILABLE}
2022-02-28 15:13:02,716 INFO  [main] http.SecurityHeadersFilter: Added security headers filter
2022-02-28 15:13:02,716 INFO  [main] handler.ContextHandler: Started o.e.j.s.ServletContextHandler@6cb107fd{/static,file:///usr/hbase/hbase-webapps/static/,AVAILABLE}
2022-02-28 15:13:02,851 INFO  [main] webapp.StandardDescriptorProcessor: NO JSP Support for /, did not find org.eclipse.jetty.jsp.JettyJspServlet
2022-02-28 15:13:02,862 INFO  [main] http.SecurityHeadersFilter: Added security headers filter
2022-02-28 15:13:02,874 INFO  [main] handler.ContextHandler: Started o.e.j.w.WebAppContext@2fba3fc4{/,file:///usr/hbase/hbase-webapps/thrift/,AVAILABLE}{file:/usr/hbase/hbase-webapps/thrift}
2022-02-28 15:13:02,883 INFO  [main] server.AbstractConnector: Started ServerConnector@6a57ae10{HTTP/1.1,[http/1.1]}{0.0.0.0:9095}
2022-02-28 15:13:02,883 INFO  [main] server.Server: Started @2611ms
Mon Feb 28 15:23:46 CST 2022 Starting thrift2 on worker2
core file size          (blocks, -c) unlimited
data seg size           (kbytes, -d) unlimited
scheduling priority             (-e) 0
file size               (blocks, -f) unlimited
pending signals                 (-i) 30820
max locked memory       (kbytes, -l) 64
max memory size         (kbytes, -m) unlimited
open files                      (-n) 1048576
pipe size            (512 bytes, -p) 8
POSIX message queues     (bytes, -q) 819200
real-time priority              (-r) 0
stack size              (kbytes, -s) 8192
cpu time               (seconds, -t) unlimited
max user processes              (-u) unlimited
virtual memory          (kbytes, -v) unlimited
file locks                      (-x) unlimited
2022-02-28 15:23:48,122 INFO  [main] thrift.ImplType: Using default thrift server type
2022-02-28 15:23:48,122 INFO  [main] thrift.ImplType: Using thrift server type threadpool
2022-02-28 15:23:48,291 WARN  [main] util.NativeCodeLoader: Unable to load native-hadoop library for your platform... using builtin-java classes where applicable
2022-02-28 15:23:48,903 INFO  [main] metrics.MetricRegistries: Loaded MetricRegistries class org.apache.hadoop.hbase.metrics.impl.MetricRegistriesImpl
2022-02-28 15:23:48,979 INFO  [main] hbase.ChoreService: Chore ScheduledChore name=ConnectionCleaner, period=10000, unit=MILLISECONDS is enabled.
2022-02-28 15:23:49,145 INFO  [main] thrift.ThriftServer: starting HBase ThreadPool Thrift server on /0.0.0.0:9090
2022-02-28 15:23:49,190 INFO  [main] util.log: Logging initialized @2232ms
2022-02-28 15:23:49,315 INFO  [main] http.HttpServer: Added global filter 'safety' (class=org.apache.hadoop.hbase.http.HttpServer$QuotingInputFilter)
2022-02-28 15:23:49,316 INFO  [main] http.HttpServer: Added global filter 'clickjackingprevention' (class=org.apache.hadoop.hbase.http.ClickjackingPreventionFilter)
2022-02-28 15:23:49,317 INFO  [main] http.HttpServer: Added global filter 'securityheaders' (class=org.apache.hadoop.hbase.http.SecurityHeadersFilter)
2022-02-28 15:23:49,322 INFO  [main] http.HttpServer: Added filter static_user_filter (class=org.apache.hadoop.hbase.http.lib.StaticUserWebFilter$StaticUserFilter) to context thrift
2022-02-28 15:23:49,322 INFO  [main] http.HttpServer: Added filter static_user_filter (class=org.apache.hadoop.hbase.http.lib.StaticUserWebFilter$StaticUserFilter) to context logs
2022-02-28 15:23:49,322 INFO  [main] http.HttpServer: Added filter static_user_filter (class=org.apache.hadoop.hbase.http.lib.StaticUserWebFilter$StaticUserFilter) to context static
2022-02-28 15:23:49,369 INFO  [main] http.HttpServer: ASYNC_PROFILER_HOME environment variable and async.profiler.home system property not specified. Disabling /prof endpoint.
2022-02-28 15:23:49,432 INFO  [main] http.HttpServer: Jetty bound to port 9095
2022-02-28 15:23:49,433 INFO  [main] server.Server: jetty-9.3.28.v20191105, build timestamp: 2019-11-06T02:00:51+08:00, git hash: d7dd68d6e9d8ff06a0130e46886c2db5d70784c1
2022-02-28 15:23:49,470 INFO  [main] http.SecurityHeadersFilter: Added security headers filter
2022-02-28 15:23:49,475 INFO  [main] handler.ContextHandler: Started o.e.j.s.ServletContextHandler@4201c465{/logs,file:///usr/hbase/logs/,AVAILABLE}
2022-02-28 15:23:49,475 INFO  [main] http.SecurityHeadersFilter: Added security headers filter
2022-02-28 15:23:49,476 INFO  [main] handler.ContextHandler: Started o.e.j.s.ServletContextHandler@6cb107fd{/static,file:///usr/hbase/hbase-webapps/static/,AVAILABLE}
2022-02-28 15:23:49,604 INFO  [main] webapp.StandardDescriptorProcessor: NO JSP Support for /, did not find org.eclipse.jetty.jsp.JettyJspServlet
2022-02-28 15:23:49,628 INFO  [main] http.SecurityHeadersFilter: Added security headers filter
2022-02-28 15:23:49,643 INFO  [main] handler.ContextHandler: Started o.e.j.w.WebAppContext@2fba3fc4{/,file:///usr/hbase/hbase-webapps/thrift/,AVAILABLE}{file:/usr/hbase/hbase-webapps/thrift}
2022-02-28 15:23:49,652 INFO  [main] server.AbstractConnector: Started ServerConnector@6a57ae10{HTTP/1.1,[http/1.1]}{0.0.0.0:9095}
2022-02-28 15:23:49,653 INFO  [main] server.Server: Started @2695ms
Mon Feb 28 15:43:11 CST 2022 Starting thrift2 on worker2
core file size          (blocks, -c) unlimited
data seg size           (kbytes, -d) unlimited
scheduling priority             (-e) 0
file size               (blocks, -f) unlimited
pending signals                 (-i) 30820
max locked memory       (kbytes, -l) 64
max memory size         (kbytes, -m) unlimited
open files                      (-n) 1048576
pipe size            (512 bytes, -p) 8
POSIX message queues     (bytes, -q) 819200
real-time priority              (-r) 0
stack size              (kbytes, -s) 8192
cpu time               (seconds, -t) unlimited
max user processes              (-u) unlimited
virtual memory          (kbytes, -v) unlimited
file locks                      (-x) unlimited
2022-02-28 15:43:13,506 INFO  [main] thrift.ImplType: Using default thrift server type
2022-02-28 15:43:13,507 INFO  [main] thrift.ImplType: Using thrift server type threadpool
2022-02-28 15:43:13,604 WARN  [main] util.NativeCodeLoader: Unable to load native-hadoop library for your platform... using builtin-java classes where applicable
2022-02-28 15:43:14,297 INFO  [main] metrics.MetricRegistries: Loaded MetricRegistries class org.apache.hadoop.hbase.metrics.impl.MetricRegistriesImpl
2022-02-28 15:43:14,415 INFO  [main] hbase.ChoreService: Chore ScheduledChore name=ConnectionCleaner, period=10000, unit=MILLISECONDS is enabled.
2022-02-28 15:43:14,582 INFO  [main] thrift.ThriftServer: starting HBase ThreadPool Thrift server on /0.0.0.0:9090
2022-02-28 15:43:14,652 INFO  [main] util.log: Logging initialized @2459ms
2022-02-28 15:43:14,840 INFO  [main] http.HttpServer: Added global filter 'safety' (class=org.apache.hadoop.hbase.http.HttpServer$QuotingInputFilter)
2022-02-28 15:43:14,842 INFO  [main] http.HttpServer: Added global filter 'clickjackingprevention' (class=org.apache.hadoop.hbase.http.ClickjackingPreventionFilter)
2022-02-28 15:43:14,843 INFO  [main] http.HttpServer: Added global filter 'securityheaders' (class=org.apache.hadoop.hbase.http.SecurityHeadersFilter)
2022-02-28 15:43:14,851 INFO  [main] http.HttpServer: Added filter static_user_filter (class=org.apache.hadoop.hbase.http.lib.StaticUserWebFilter$StaticUserFilter) to context thrift
2022-02-28 15:43:14,851 INFO  [main] http.HttpServer: Added filter static_user_filter (class=org.apache.hadoop.hbase.http.lib.StaticUserWebFilter$StaticUserFilter) to context logs
2022-02-28 15:43:14,851 INFO  [main] http.HttpServer: Added filter static_user_filter (class=org.apache.hadoop.hbase.http.lib.StaticUserWebFilter$StaticUserFilter) to context static
2022-02-28 15:43:14,918 INFO  [main] http.HttpServer: ASYNC_PROFILER_HOME environment variable and async.profiler.home system property not specified. Disabling /prof endpoint.
2022-02-28 15:43:15,016 INFO  [main] http.HttpServer: Jetty bound to port 9095
2022-02-28 15:43:15,018 INFO  [main] server.Server: jetty-9.3.28.v20191105, build timestamp: 2019-11-06T02:00:51+08:00, git hash: d7dd68d6e9d8ff06a0130e46886c2db5d70784c1
2022-02-28 15:43:15,087 INFO  [main] http.SecurityHeadersFilter: Added security headers filter
2022-02-28 15:43:15,094 INFO  [main] handler.ContextHandler: Started o.e.j.s.ServletContextHandler@4201c465{/logs,file:///usr/hbase/logs/,AVAILABLE}
2022-02-28 15:43:15,095 INFO  [main] http.SecurityHeadersFilter: Added security headers filter
2022-02-28 15:43:15,096 INFO  [main] handler.ContextHandler: Started o.e.j.s.ServletContextHandler@6cb107fd{/static,file:///usr/hbase/hbase-webapps/static/,AVAILABLE}
2022-02-28 15:43:15,295 INFO  [main] webapp.StandardDescriptorProcessor: NO JSP Support for /, did not find org.eclipse.jetty.jsp.JettyJspServlet
2022-02-28 15:43:15,310 INFO  [main] http.SecurityHeadersFilter: Added security headers filter
2022-02-28 15:43:15,329 INFO  [main] handler.ContextHandler: Started o.e.j.w.WebAppContext@2fba3fc4{/,file:///usr/hbase/hbase-webapps/thrift/,AVAILABLE}{file:/usr/hbase/hbase-webapps/thrift}
2022-02-28 15:43:15,340 INFO  [main] server.AbstractConnector: Started ServerConnector@6a57ae10{HTTP/1.1,[http/1.1]}{0.0.0.0:9095}
2022-02-28 15:43:15,340 INFO  [main] server.Server: Started @3148ms
2022-02-28 15:44:41,898 INFO  [JvmPauseMonitor] util.JvmPauseMonitor: Detected pause in JVM or host machine (eg GC): pause of approximately 1159ms
No GCs detected
2022-02-28 17:59:19,148 WARN  [JvmPauseMonitor] util.JvmPauseMonitor: Detected pause in JVM or host machine (eg GC): pause of approximately 13537ms
No GCs detected
2022-02-28 17:59:24,250 INFO  [ConnectionCache.Chore.1] hbase.ChoreService: Chore ScheduledChore name=ConnectionCleaner, period=10000, unit=MILLISECONDS is enabled.
2022-02-28 17:59:24,250 INFO  [ConnectionCache.Chore.1] hbase.ScheduledChore: Chore: ConnectionCleaner missed its start time
2022-02-28 18:19:49,352 WARN  [JvmPauseMonitor] util.JvmPauseMonitor: Detected pause in JVM or host machine (eg GC): pause of approximately 11260ms
No GCs detected
2022-02-28 18:19:49,449 INFO  [ConnectionCache.Chore.1] hbase.ChoreService: Chore ScheduledChore name=ConnectionCleaner, period=10000, unit=MILLISECONDS is enabled.
2022-02-28 18:19:49,449 INFO  [ConnectionCache.Chore.1] hbase.ScheduledChore: Chore: ConnectionCleaner missed its start time
2022-02-28 18:37:16,614 INFO  [ConnectionCache.Chore.1] hbase.ChoreService: Chore ScheduledChore name=ConnectionCleaner, period=10000, unit=MILLISECONDS is enabled.
2022-02-28 18:37:16,614 INFO  [ConnectionCache.Chore.1] hbase.ScheduledChore: Chore: ConnectionCleaner missed its start time
2022-02-28 19:51:57,274 INFO  [ConnectionCache.Chore.1] hbase.ChoreService: Chore ScheduledChore name=ConnectionCleaner, period=10000, unit=MILLISECONDS is enabled.
2022-02-28 19:51:57,301 WARN  [JvmPauseMonitor] util.JvmPauseMonitor: Detected pause in JVM or host machine (eg GC): pause of approximately 14527ms
No GCs detected
2022-02-28 19:51:57,421 INFO  [ConnectionCache.Chore.1] hbase.ScheduledChore: Chore: ConnectionCleaner missed its start time
Mon Feb 28 21:43:37 CST 2022 Starting thrift2 on worker2
core file size          (blocks, -c) unlimited
data seg size           (kbytes, -d) unlimited
scheduling priority             (-e) 0
file size               (blocks, -f) unlimited
pending signals                 (-i) 30820
max locked memory       (kbytes, -l) 64
max memory size         (kbytes, -m) unlimited
open files                      (-n) 1048576
pipe size            (512 bytes, -p) 8
POSIX message queues     (bytes, -q) 819200
real-time priority              (-r) 0
stack size              (kbytes, -s) 8192
cpu time               (seconds, -t) unlimited
max user processes              (-u) unlimited
virtual memory          (kbytes, -v) unlimited
file locks                      (-x) unlimited
2022-02-28 21:43:38,682 INFO  [main] thrift.ImplType: Using default thrift server type
2022-02-28 21:43:38,683 INFO  [main] thrift.ImplType: Using thrift server type threadpool
2022-02-28 21:43:38,738 WARN  [main] util.NativeCodeLoader: Unable to load native-hadoop library for your platform... using builtin-java classes where applicable
2022-02-28 21:43:39,319 INFO  [main] metrics.MetricRegistries: Loaded MetricRegistries class org.apache.hadoop.hbase.metrics.impl.MetricRegistriesImpl
2022-02-28 21:43:39,412 INFO  [main] hbase.ChoreService: Chore ScheduledChore name=ConnectionCleaner, period=10000, unit=MILLISECONDS is enabled.
2022-02-28 21:43:39,529 INFO  [main] thrift.ThriftServer: starting HBase ThreadPool Thrift server on /0.0.0.0:9090
2022-02-28 21:43:39,580 INFO  [main] util.log: Logging initialized @1927ms
2022-02-28 21:43:39,703 INFO  [main] http.HttpServer: Added global filter 'safety' (class=org.apache.hadoop.hbase.http.HttpServer$QuotingInputFilter)
2022-02-28 21:43:39,704 INFO  [main] http.HttpServer: Added global filter 'clickjackingprevention' (class=org.apache.hadoop.hbase.http.ClickjackingPreventionFilter)
2022-02-28 21:43:39,705 INFO  [main] http.HttpServer: Added global filter 'securityheaders' (class=org.apache.hadoop.hbase.http.SecurityHeadersFilter)
2022-02-28 21:43:39,709 INFO  [main] http.HttpServer: Added filter static_user_filter (class=org.apache.hadoop.hbase.http.lib.StaticUserWebFilter$StaticUserFilter) to context thrift
2022-02-28 21:43:39,709 INFO  [main] http.HttpServer: Added filter static_user_filter (class=org.apache.hadoop.hbase.http.lib.StaticUserWebFilter$StaticUserFilter) to context logs
2022-02-28 21:43:39,709 INFO  [main] http.HttpServer: Added filter static_user_filter (class=org.apache.hadoop.hbase.http.lib.StaticUserWebFilter$StaticUserFilter) to context static
2022-02-28 21:43:39,750 INFO  [main] http.HttpServer: ASYNC_PROFILER_HOME environment variable and async.profiler.home system property not specified. Disabling /prof endpoint.
2022-02-28 21:43:39,810 INFO  [main] http.HttpServer: Jetty bound to port 9095
2022-02-28 21:43:39,812 INFO  [main] server.Server: jetty-9.3.28.v20191105, build timestamp: 2019-11-06T02:00:51+08:00, git hash: d7dd68d6e9d8ff06a0130e46886c2db5d70784c1
2022-02-28 21:43:39,855 INFO  [main] http.SecurityHeadersFilter: Added security headers filter
2022-02-28 21:43:39,860 INFO  [main] handler.ContextHandler: Started o.e.j.s.ServletContextHandler@4201c465{/logs,file:///usr/hbase/logs/,AVAILABLE}
2022-02-28 21:43:39,860 INFO  [main] http.SecurityHeadersFilter: Added security headers filter
2022-02-28 21:43:39,860 INFO  [main] handler.ContextHandler: Started o.e.j.s.ServletContextHandler@6cb107fd{/static,file:///usr/hbase/hbase-webapps/static/,AVAILABLE}
2022-02-28 21:43:40,017 INFO  [main] webapp.StandardDescriptorProcessor: NO JSP Support for /, did not find org.eclipse.jetty.jsp.JettyJspServlet
2022-02-28 21:43:40,032 INFO  [main] http.SecurityHeadersFilter: Added security headers filter
2022-02-28 21:43:40,048 INFO  [main] handler.ContextHandler: Started o.e.j.w.WebAppContext@2fba3fc4{/,file:///usr/hbase/hbase-webapps/thrift/,AVAILABLE}{file:/usr/hbase/hbase-webapps/thrift}
2022-02-28 21:43:40,057 INFO  [main] server.AbstractConnector: Started ServerConnector@6a57ae10{HTTP/1.1,[http/1.1]}{0.0.0.0:9095}
2022-02-28 21:43:40,057 INFO  [main] server.Server: Started @2405ms
Mon Feb 28 22:00:48 CST 2022 Starting thrift2 on worker2
core file size          (blocks, -c) unlimited
data seg size           (kbytes, -d) unlimited
scheduling priority             (-e) 0
file size               (blocks, -f) unlimited
pending signals                 (-i) 30820
max locked memory       (kbytes, -l) 64
max memory size         (kbytes, -m) unlimited
open files                      (-n) 1048576
pipe size            (512 bytes, -p) 8
POSIX message queues     (bytes, -q) 819200
real-time priority              (-r) 0
stack size              (kbytes, -s) 8192
cpu time               (seconds, -t) unlimited
max user processes              (-u) unlimited
virtual memory          (kbytes, -v) unlimited
file locks                      (-x) unlimited
2022-02-28 22:00:49,465 INFO  [main] thrift.ImplType: Using default thrift server type
2022-02-28 22:00:49,466 INFO  [main] thrift.ImplType: Using thrift server type threadpool
2022-02-28 22:00:49,530 WARN  [main] util.NativeCodeLoader: Unable to load native-hadoop library for your platform... using builtin-java classes where applicable
2022-02-28 22:00:50,156 INFO  [main] metrics.MetricRegistries: Loaded MetricRegistries class org.apache.hadoop.hbase.metrics.impl.MetricRegistriesImpl
2022-02-28 22:00:50,239 INFO  [main] hbase.ChoreService: Chore ScheduledChore name=ConnectionCleaner, period=10000, unit=MILLISECONDS is enabled.
2022-02-28 22:00:50,342 INFO  [main] thrift.ThriftServer: starting HBase ThreadPool Thrift server on /0.0.0.0:9090
2022-02-28 22:00:50,386 INFO  [main] util.log: Logging initialized @1736ms
2022-02-28 22:00:50,520 INFO  [main] http.HttpServer: Added global filter 'safety' (class=org.apache.hadoop.hbase.http.HttpServer$QuotingInputFilter)
2022-02-28 22:00:50,521 INFO  [main] http.HttpServer: Added global filter 'clickjackingprevention' (class=org.apache.hadoop.hbase.http.ClickjackingPreventionFilter)
2022-02-28 22:00:50,522 INFO  [main] http.HttpServer: Added global filter 'securityheaders' (class=org.apache.hadoop.hbase.http.SecurityHeadersFilter)
2022-02-28 22:00:50,544 INFO  [main] http.HttpServer: Added filter static_user_filter (class=org.apache.hadoop.hbase.http.lib.StaticUserWebFilter$StaticUserFilter) to context thrift
2022-02-28 22:00:50,544 INFO  [main] http.HttpServer: Added filter static_user_filter (class=org.apache.hadoop.hbase.http.lib.StaticUserWebFilter$StaticUserFilter) to context logs
2022-02-28 22:00:50,544 INFO  [main] http.HttpServer: Added filter static_user_filter (class=org.apache.hadoop.hbase.http.lib.StaticUserWebFilter$StaticUserFilter) to context static
2022-02-28 22:00:50,561 INFO  [main] http.HttpServer: ASYNC_PROFILER_HOME environment variable and async.profiler.home system property not specified. Disabling /prof endpoint.
2022-02-28 22:00:50,617 INFO  [main] http.HttpServer: Jetty bound to port 9095
2022-02-28 22:00:50,619 INFO  [main] server.Server: jetty-9.3.28.v20191105, build timestamp: 2019-11-06T02:00:51+08:00, git hash: d7dd68d6e9d8ff06a0130e46886c2db5d70784c1
2022-02-28 22:00:50,653 INFO  [main] http.SecurityHeadersFilter: Added security headers filter
2022-02-28 22:00:50,659 INFO  [main] handler.ContextHandler: Started o.e.j.s.ServletContextHandler@4201c465{/logs,file:///usr/hbase/logs/,AVAILABLE}
2022-02-28 22:00:50,659 INFO  [main] http.SecurityHeadersFilter: Added security headers filter
2022-02-28 22:00:50,659 INFO  [main] handler.ContextHandler: Started o.e.j.s.ServletContextHandler@6cb107fd{/static,file:///usr/hbase/hbase-webapps/static/,AVAILABLE}
2022-02-28 22:00:50,754 INFO  [main] webapp.StandardDescriptorProcessor: NO JSP Support for /, did not find org.eclipse.jetty.jsp.JettyJspServlet
2022-02-28 22:00:50,764 INFO  [main] http.SecurityHeadersFilter: Added security headers filter
2022-02-28 22:00:50,775 INFO  [main] handler.ContextHandler: Started o.e.j.w.WebAppContext@2fba3fc4{/,file:///usr/hbase/hbase-webapps/thrift/,AVAILABLE}{file:/usr/hbase/hbase-webapps/thrift}
2022-02-28 22:00:50,782 INFO  [main] server.AbstractConnector: Started ServerConnector@6a57ae10{HTTP/1.1,[http/1.1]}{0.0.0.0:9095}
2022-02-28 22:00:50,782 INFO  [main] server.Server: Started @2132ms
Mon Feb 28 22:16:32 CST 2022 Starting thrift2 on worker2
core file size          (blocks, -c) unlimited
data seg size           (kbytes, -d) unlimited
scheduling priority             (-e) 0
file size               (blocks, -f) unlimited
pending signals                 (-i) 30820
max locked memory       (kbytes, -l) 64
max memory size         (kbytes, -m) unlimited
open files                      (-n) 1048576
pipe size            (512 bytes, -p) 8
POSIX message queues     (bytes, -q) 819200
real-time priority              (-r) 0
stack size              (kbytes, -s) 8192
cpu time               (seconds, -t) unlimited
max user processes              (-u) unlimited
virtual memory          (kbytes, -v) unlimited
file locks                      (-x) unlimited
2022-02-28 22:16:33,613 INFO  [main] thrift.ImplType: Using default thrift server type
2022-02-28 22:16:33,614 INFO  [main] thrift.ImplType: Using thrift server type threadpool
2022-02-28 22:16:33,684 WARN  [main] util.NativeCodeLoader: Unable to load native-hadoop library for your platform... using builtin-java classes where applicable
2022-02-28 22:16:34,342 INFO  [main] metrics.MetricRegistries: Loaded MetricRegistries class org.apache.hadoop.hbase.metrics.impl.MetricRegistriesImpl
2022-02-28 22:16:34,467 INFO  [main] hbase.ChoreService: Chore ScheduledChore name=ConnectionCleaner, period=10000, unit=MILLISECONDS is enabled.
2022-02-28 22:16:34,592 INFO  [main] thrift.ThriftServer: starting HBase ThreadPool Thrift server on /0.0.0.0:9090
2022-02-28 22:16:34,658 INFO  [main] util.log: Logging initialized @2067ms
2022-02-28 22:16:34,794 INFO  [main] http.HttpServer: Added global filter 'safety' (class=org.apache.hadoop.hbase.http.HttpServer$QuotingInputFilter)
2022-02-28 22:16:34,795 INFO  [main] http.HttpServer: Added global filter 'clickjackingprevention' (class=org.apache.hadoop.hbase.http.ClickjackingPreventionFilter)
2022-02-28 22:16:34,796 INFO  [main] http.HttpServer: Added global filter 'securityheaders' (class=org.apache.hadoop.hbase.http.SecurityHeadersFilter)
2022-02-28 22:16:34,804 INFO  [main] http.HttpServer: Added filter static_user_filter (class=org.apache.hadoop.hbase.http.lib.StaticUserWebFilter$StaticUserFilter) to context thrift
2022-02-28 22:16:34,805 INFO  [main] http.HttpServer: Added filter static_user_filter (class=org.apache.hadoop.hbase.http.lib.StaticUserWebFilter$StaticUserFilter) to context logs
2022-02-28 22:16:34,805 INFO  [main] http.HttpServer: Added filter static_user_filter (class=org.apache.hadoop.hbase.http.lib.StaticUserWebFilter$StaticUserFilter) to context static
2022-02-28 22:16:34,840 INFO  [main] http.HttpServer: ASYNC_PROFILER_HOME environment variable and async.profiler.home system property not specified. Disabling /prof endpoint.
2022-02-28 22:16:34,907 INFO  [main] http.HttpServer: Jetty bound to port 9095
2022-02-28 22:16:34,910 INFO  [main] server.Server: jetty-9.3.28.v20191105, build timestamp: 2019-11-06T02:00:51+08:00, git hash: d7dd68d6e9d8ff06a0130e46886c2db5d70784c1
2022-02-28 22:16:34,978 INFO  [main] http.SecurityHeadersFilter: Added security headers filter
2022-02-28 22:16:34,982 INFO  [main] handler.ContextHandler: Started o.e.j.s.ServletContextHandler@4201c465{/logs,file:///usr/hbase/logs/,AVAILABLE}
2022-02-28 22:16:34,982 INFO  [main] http.SecurityHeadersFilter: Added security headers filter
2022-02-28 22:16:34,982 INFO  [main] handler.ContextHandler: Started o.e.j.s.ServletContextHandler@6cb107fd{/static,file:///usr/hbase/hbase-webapps/static/,AVAILABLE}
2022-02-28 22:16:35,110 INFO  [main] webapp.StandardDescriptorProcessor: NO JSP Support for /, did not find org.eclipse.jetty.jsp.JettyJspServlet
2022-02-28 22:16:35,125 INFO  [main] http.SecurityHeadersFilter: Added security headers filter
2022-02-28 22:16:35,139 INFO  [main] handler.ContextHandler: Started o.e.j.w.WebAppContext@2fba3fc4{/,file:///usr/hbase/hbase-webapps/thrift/,AVAILABLE}{file:/usr/hbase/hbase-webapps/thrift}
2022-02-28 22:16:35,152 INFO  [main] server.AbstractConnector: Started ServerConnector@6a57ae10{HTTP/1.1,[http/1.1]}{0.0.0.0:9095}
2022-02-28 22:16:35,152 INFO  [main] server.Server: Started @2560ms
Mon Feb 28 22:32:49 CST 2022 Starting thrift2 on worker2
core file size          (blocks, -c) unlimited
data seg size           (kbytes, -d) unlimited
scheduling priority             (-e) 0
file size               (blocks, -f) unlimited
pending signals                 (-i) 30820
max locked memory       (kbytes, -l) 64
max memory size         (kbytes, -m) unlimited
open files                      (-n) 1048576
pipe size            (512 bytes, -p) 8
POSIX message queues     (bytes, -q) 819200
real-time priority              (-r) 0
stack size              (kbytes, -s) 8192
cpu time               (seconds, -t) unlimited
max user processes              (-u) unlimited
virtual memory          (kbytes, -v) unlimited
file locks                      (-x) unlimited
2022-02-28 22:32:51,816 INFO  [main] thrift.ImplType: Using default thrift server type
2022-02-28 22:32:51,817 INFO  [main] thrift.ImplType: Using thrift server type threadpool
2022-02-28 22:32:51,878 WARN  [main] util.NativeCodeLoader: Unable to load native-hadoop library for your platform... using builtin-java classes where applicable
2022-02-28 22:32:52,471 INFO  [main] metrics.MetricRegistries: Loaded MetricRegistries class org.apache.hadoop.hbase.metrics.impl.MetricRegistriesImpl
2022-02-28 22:32:52,557 INFO  [main] hbase.ChoreService: Chore ScheduledChore name=ConnectionCleaner, period=10000, unit=MILLISECONDS is enabled.
2022-02-28 22:32:52,669 INFO  [main] thrift.ThriftServer: starting HBase ThreadPool Thrift server on /0.0.0.0:9090
2022-02-28 22:32:52,723 INFO  [main] util.log: Logging initialized @2465ms
2022-02-28 22:32:52,888 INFO  [main] http.HttpServer: Added global filter 'safety' (class=org.apache.hadoop.hbase.http.HttpServer$QuotingInputFilter)
2022-02-28 22:32:52,889 INFO  [main] http.HttpServer: Added global filter 'clickjackingprevention' (class=org.apache.hadoop.hbase.http.ClickjackingPreventionFilter)
2022-02-28 22:32:52,890 INFO  [main] http.HttpServer: Added global filter 'securityheaders' (class=org.apache.hadoop.hbase.http.SecurityHeadersFilter)
2022-02-28 22:32:52,893 INFO  [main] http.HttpServer: Added filter static_user_filter (class=org.apache.hadoop.hbase.http.lib.StaticUserWebFilter$StaticUserFilter) to context thrift
2022-02-28 22:32:52,894 INFO  [main] http.HttpServer: Added filter static_user_filter (class=org.apache.hadoop.hbase.http.lib.StaticUserWebFilter$StaticUserFilter) to context logs
2022-02-28 22:32:52,894 INFO  [main] http.HttpServer: Added filter static_user_filter (class=org.apache.hadoop.hbase.http.lib.StaticUserWebFilter$StaticUserFilter) to context static
2022-02-28 22:32:52,966 INFO  [main] http.HttpServer: ASYNC_PROFILER_HOME environment variable and async.profiler.home system property not specified. Disabling /prof endpoint.
2022-02-28 22:32:53,029 INFO  [main] http.HttpServer: Jetty bound to port 9095
2022-02-28 22:32:53,032 INFO  [main] server.Server: jetty-9.3.28.v20191105, build timestamp: 2019-11-06T02:00:51+08:00, git hash: d7dd68d6e9d8ff06a0130e46886c2db5d70784c1
2022-02-28 22:32:53,086 INFO  [main] http.SecurityHeadersFilter: Added security headers filter
2022-02-28 22:32:53,092 INFO  [main] handler.ContextHandler: Started o.e.j.s.ServletContextHandler@4201c465{/logs,file:///usr/hbase/logs/,AVAILABLE}
2022-02-28 22:32:53,092 INFO  [main] http.SecurityHeadersFilter: Added security headers filter
2022-02-28 22:32:53,092 INFO  [main] handler.ContextHandler: Started o.e.j.s.ServletContextHandler@6cb107fd{/static,file:///usr/hbase/hbase-webapps/static/,AVAILABLE}
2022-02-28 22:32:53,243 INFO  [main] webapp.StandardDescriptorProcessor: NO JSP Support for /, did not find org.eclipse.jetty.jsp.JettyJspServlet
2022-02-28 22:32:53,254 INFO  [main] http.SecurityHeadersFilter: Added security headers filter
2022-02-28 22:32:53,268 INFO  [main] handler.ContextHandler: Started o.e.j.w.WebAppContext@2fba3fc4{/,file:///usr/hbase/hbase-webapps/thrift/,AVAILABLE}{file:/usr/hbase/hbase-webapps/thrift}
2022-02-28 22:32:53,277 INFO  [main] server.AbstractConnector: Started ServerConnector@6a57ae10{HTTP/1.1,[http/1.1]}{0.0.0.0:9095}
2022-02-28 22:32:53,277 INFO  [main] server.Server: Started @3019ms
Tue Mar  1 06:30:55 CST 2022 Starting thrift2 on worker2
core file size          (blocks, -c) unlimited
data seg size           (kbytes, -d) unlimited
scheduling priority             (-e) 0
file size               (blocks, -f) unlimited
pending signals                 (-i) 30820
max locked memory       (kbytes, -l) 64
max memory size         (kbytes, -m) unlimited
open files                      (-n) 1048576
pipe size            (512 bytes, -p) 8
POSIX message queues     (bytes, -q) 819200
real-time priority              (-r) 0
stack size              (kbytes, -s) 8192
cpu time               (seconds, -t) unlimited
max user processes              (-u) unlimited
virtual memory          (kbytes, -v) unlimited
file locks                      (-x) unlimited
2022-03-01 06:30:58,306 INFO  [main] thrift.ImplType: Using default thrift server type
2022-03-01 06:30:58,308 INFO  [main] thrift.ImplType: Using thrift server type threadpool
2022-03-01 06:30:58,475 WARN  [main] util.NativeCodeLoader: Unable to load native-hadoop library for your platform... using builtin-java classes where applicable
2022-03-01 06:30:59,281 INFO  [main] metrics.MetricRegistries: Loaded MetricRegistries class org.apache.hadoop.hbase.metrics.impl.MetricRegistriesImpl
2022-03-01 06:30:59,362 INFO  [main] hbase.ChoreService: Chore ScheduledChore name=ConnectionCleaner, period=10000, unit=MILLISECONDS is enabled.
2022-03-01 06:30:59,560 INFO  [main] thrift.ThriftServer: starting HBase ThreadPool Thrift server on /0.0.0.0:9090
2022-03-01 06:30:59,613 INFO  [main] util.log: Logging initialized @3565ms
2022-03-01 06:30:59,761 INFO  [main] http.HttpServer: Added global filter 'safety' (class=org.apache.hadoop.hbase.http.HttpServer$QuotingInputFilter)
2022-03-01 06:30:59,762 INFO  [main] http.HttpServer: Added global filter 'clickjackingprevention' (class=org.apache.hadoop.hbase.http.ClickjackingPreventionFilter)
2022-03-01 06:30:59,763 INFO  [main] http.HttpServer: Added global filter 'securityheaders' (class=org.apache.hadoop.hbase.http.SecurityHeadersFilter)
2022-03-01 06:30:59,768 INFO  [main] http.HttpServer: Added filter static_user_filter (class=org.apache.hadoop.hbase.http.lib.StaticUserWebFilter$StaticUserFilter) to context thrift
2022-03-01 06:30:59,768 INFO  [main] http.HttpServer: Added filter static_user_filter (class=org.apache.hadoop.hbase.http.lib.StaticUserWebFilter$StaticUserFilter) to context logs
2022-03-01 06:30:59,768 INFO  [main] http.HttpServer: Added filter static_user_filter (class=org.apache.hadoop.hbase.http.lib.StaticUserWebFilter$StaticUserFilter) to context static
2022-03-01 06:30:59,829 INFO  [main] http.HttpServer: ASYNC_PROFILER_HOME environment variable and async.profiler.home system property not specified. Disabling /prof endpoint.
2022-03-01 06:30:59,909 INFO  [main] http.HttpServer: Jetty bound to port 9095
2022-03-01 06:30:59,912 INFO  [main] server.Server: jetty-9.3.28.v20191105, build timestamp: 2019-11-06T02:00:51+08:00, git hash: d7dd68d6e9d8ff06a0130e46886c2db5d70784c1
2022-03-01 06:30:59,958 INFO  [main] http.SecurityHeadersFilter: Added security headers filter
2022-03-01 06:30:59,963 INFO  [main] handler.ContextHandler: Started o.e.j.s.ServletContextHandler@4201c465{/logs,file:///usr/hbase/logs/,AVAILABLE}
2022-03-01 06:30:59,964 INFO  [main] http.SecurityHeadersFilter: Added security headers filter
2022-03-01 06:30:59,964 INFO  [main] handler.ContextHandler: Started o.e.j.s.ServletContextHandler@6cb107fd{/static,file:///usr/hbase/hbase-webapps/static/,AVAILABLE}
2022-03-01 06:31:00,190 INFO  [main] webapp.StandardDescriptorProcessor: NO JSP Support for /, did not find org.eclipse.jetty.jsp.JettyJspServlet
2022-03-01 06:31:00,202 INFO  [main] http.SecurityHeadersFilter: Added security headers filter
2022-03-01 06:31:00,223 INFO  [main] handler.ContextHandler: Started o.e.j.w.WebAppContext@2fba3fc4{/,file:///usr/hbase/hbase-webapps/thrift/,AVAILABLE}{file:/usr/hbase/hbase-webapps/thrift}
2022-03-01 06:31:00,244 INFO  [main] server.AbstractConnector: Started ServerConnector@6a57ae10{HTTP/1.1,[http/1.1]}{0.0.0.0:9095}
2022-03-01 06:31:00,244 INFO  [main] server.Server: Started @4196ms
2022-03-01 06:50:18,693 INFO  [ConnectionCache.Chore.1] hbase.ChoreService: Chore ScheduledChore name=ConnectionCleaner, period=10000, unit=MILLISECONDS is enabled.
2022-03-01 07:57:12,574 INFO  [ConnectionCache.Chore.1] hbase.ScheduledChore: Chore: ConnectionCleaner missed its start time
2022-03-01 07:57:12,781 WARN  [JvmPauseMonitor] util.JvmPauseMonitor: Detected pause in JVM or host machine (eg GC): pause of approximately 21677ms
No GCs detected
2022-03-01 07:57:59,179 INFO  [JvmPauseMonitor] util.JvmPauseMonitor: Detected pause in JVM or host machine (eg GC): pause of approximately 1194ms
No GCs detected
2022-03-01 08:07:19,800 INFO  [JvmPauseMonitor] util.JvmPauseMonitor: Detected pause in JVM or host machine (eg GC): pause of approximately 1808ms
No GCs detected
2022-03-01 08:10:45,310 INFO  [JvmPauseMonitor] util.JvmPauseMonitor: Detected pause in JVM or host machine (eg GC): pause of approximately 2786ms
No GCs detected
2022-03-01 08:11:03,999 INFO  [JvmPauseMonitor] util.JvmPauseMonitor: Detected pause in JVM or host machine (eg GC): pause of approximately 1385ms
No GCs detected
2022-03-01 08:19:32,134 WARN  [JvmPauseMonitor] util.JvmPauseMonitor: Detected pause in JVM or host machine (eg GC): pause of approximately 17998ms
No GCs detected
2022-03-01 08:19:32,268 INFO  [ConnectionCache.Chore.1] hbase.ChoreService: Chore ScheduledChore name=ConnectionCleaner, period=10000, unit=MILLISECONDS is enabled.
2022-03-01 08:19:32,310 INFO  [ConnectionCache.Chore.1] hbase.ScheduledChore: Chore: ConnectionCleaner missed its start time
2022-03-01 08:50:09,358 INFO  [ConnectionCache.Chore.1] hbase.ChoreService: Chore ScheduledChore name=ConnectionCleaner, period=10000, unit=MILLISECONDS is enabled.
2022-03-01 08:50:09,358 INFO  [ConnectionCache.Chore.1] hbase.ScheduledChore: Chore: ConnectionCleaner missed its start time
2022-03-01 09:02:21,430 INFO  [ConnectionCache.Chore.1] hbase.ChoreService: Chore ScheduledChore name=ConnectionCleaner, period=10000, unit=MILLISECONDS is enabled.
2022-03-01 09:02:21,430 INFO  [ConnectionCache.Chore.1] hbase.ScheduledChore: Chore: ConnectionCleaner missed its start time
2022-03-01 09:02:21,438 WARN  [JvmPauseMonitor] util.JvmPauseMonitor: Detected pause in JVM or host machine (eg GC): pause of approximately 12282ms
No GCs detected
